The system is: Linux - 5.14.0-162.6.1.el9_1.x86_64 - x86_64
Compiling the CXX compiler identification source file "CMakeCXXCompilerId.cpp" succeeded.
Compiler: /usr/bin/clang++ 
Build flags: 
Id flags:  

The output was:
0


Compilation of the CXX compiler identification source "CMakeCXXCompilerId.cpp" produced "a.out"

The CXX compiler identification is Clang, found in "/home/leorio/simdutf/buildclang/CMakeFiles/3.20.2/CompilerIdCXX/a.out"

Detecting CXX compiler ABI info compiled with the following output:
Change Dir: /home/leorio/simdutf/buildclang/CMakeFiles/CMakeTmp

Run Build Command(s):/usr/bin/gmake -f Makefile cmTC_97283/fast && /usr/bin/gmake  -f CMakeFiles/cmTC_97283.dir/build.make CMakeFiles/cmTC_97283.dir/build
gmake[1]: Entering directory '/home/leorio/simdutf/buildclang/CMakeFiles/CMakeTmp'
Building CXX object CMakeFiles/cmTC_97283.dir/CMakeCXXCompilerABI.cpp.o
/usr/bin/clang++   -v -MD -MT CMakeFiles/cmTC_97283.dir/CMakeCXXCompilerABI.cpp.o -MF CMakeFiles/cmTC_97283.dir/CMakeCXXCompilerABI.cpp.o.d -o CMakeFiles/cmTC_97283.dir/CMakeCXXCompilerABI.cpp.o -c /usr/share/cmake/Modules/CMakeCXXCompilerABI.cpp
clang version 15.0.7 (Red Hat 15.0.7-2.el9)
Target: x86_64-redhat-linux-gnu
Thread model: posix
InstalledDir: /usr/bin
Found candidate GCC installation: /opt/rh/gcc-toolset-12/root/usr/lib/gcc/x86_64-redhat-linux/12
Selected GCC installation: /opt/rh/gcc-toolset-12/root/usr/lib/gcc/x86_64-redhat-linux/12
Candidate multilib: .;@m64
Candidate multilib: 32;@m32
Selected multilib: .;@m64
 (in-process)
 "/usr/bin/clang-15" -cc1 -triple x86_64-redhat-linux-gnu -emit-obj -mrelax-all --mrelax-relocations -disable-free -clear-ast-before-backend -disable-llvm-verifier -discard-value-names -main-file-name CMakeCXXCompilerABI.cpp -mrelocation-model static -mframe-pointer=all -fmath-errno -ffp-contract=on -fno-rounding-math -mconstructor-aliases -funwind-tables=2 -target-cpu x86-64 -tune-cpu generic -mllvm -treat-scalable-fixed-error-as-warning -debugger-tuning=gdb -v -fcoverage-compilation-dir=/home/leorio/simdutf/buildclang/CMakeFiles/CMakeTmp -resource-dir /usr/lib64/clang/15.0.7 -dependency-file CMakeFiles/cmTC_97283.dir/CMakeCXXCompilerABI.cpp.o.d -MT CMakeFiles/cmTC_97283.dir/CMakeCXXCompilerABI.cpp.o -sys-header-deps -internal-isystem /opt/rh/gcc-toolset-12/root/usr/lib/gcc/x86_64-redhat-linux/12/../../../../include/c++/12 -internal-isystem /opt/rh/gcc-toolset-12/root/usr/lib/gcc/x86_64-redhat-linux/12/../../../../include/c++/12/x86_64-redhat-linux -internal-isystem /opt/rh/gcc-toolset-12/root/usr/lib/gcc/x86_64-redhat-linux/12/../../../../include/c++/12/backward -internal-isystem /usr/lib64/clang/15.0.7/include -internal-isystem /usr/local/include -internal-isystem /opt/rh/gcc-toolset-12/root/usr/lib/gcc/x86_64-redhat-linux/12/../../../../x86_64-redhat-linux/include -internal-externc-isystem /include -internal-externc-isystem /usr/include -fdeprecated-macro -fdebug-compilation-dir=/home/leorio/simdutf/buildclang/CMakeFiles/CMakeTmp -ferror-limit 19 -fgnuc-version=4.2.1 -fcxx-exceptions -fexceptions -faddrsig -D__GCC_HAVE_DWARF2_CFI_ASM=1 -o CMakeFiles/cmTC_97283.dir/CMakeCXXCompilerABI.cpp.o -x c++ /usr/share/cmake/Modules/CMakeCXXCompilerABI.cpp
clang -cc1 version 15.0.7 based upon LLVM 15.0.7 default target x86_64-redhat-linux-gnu
ignoring nonexistent directory "/opt/rh/gcc-toolset-12/root/usr/lib/gcc/x86_64-redhat-linux/12/../../../../x86_64-redhat-linux/include"
ignoring nonexistent directory "/include"
#include "..." search starts here:
#include <...> search starts here:
 /opt/rh/gcc-toolset-12/root/usr/lib/gcc/x86_64-redhat-linux/12/../../../../include/c++/12
 /opt/rh/gcc-toolset-12/root/usr/lib/gcc/x86_64-redhat-linux/12/../../../../include/c++/12/x86_64-redhat-linux
 /opt/rh/gcc-toolset-12/root/usr/lib/gcc/x86_64-redhat-linux/12/../../../../include/c++/12/backward
 /usr/lib64/clang/15.0.7/include
 /usr/local/include
 /usr/include
End of search list.
Linking CXX executable cmTC_97283
/usr/bin/cmake -E cmake_link_script CMakeFiles/cmTC_97283.dir/link.txt --verbose=1
/usr/bin/clang++  -v CMakeFiles/cmTC_97283.dir/CMakeCXXCompilerABI.cpp.o -o cmTC_97283 
clang version 15.0.7 (Red Hat 15.0.7-2.el9)
Target: x86_64-redhat-linux-gnu
Thread model: posix
InstalledDir: /usr/bin
Found candidate GCC installation: /opt/rh/gcc-toolset-12/root/usr/lib/gcc/x86_64-redhat-linux/12
Selected GCC installation: /opt/rh/gcc-toolset-12/root/usr/lib/gcc/x86_64-redhat-linux/12
Candidate multilib: .;@m64
Candidate multilib: 32;@m32
Selected multilib: .;@m64
 "/usr/bin/ld" --build-id --eh-frame-hdr -m elf_x86_64 -dynamic-linker /lib64/ld-linux-x86-64.so.2 -o cmTC_97283 /lib/../lib64/crt1.o /lib/../lib64/crti.o /opt/rh/gcc-toolset-12/root/usr/lib/gcc/x86_64-redhat-linux/12/crtbegin.o -L/opt/rh/gcc-toolset-12/root/usr/lib/gcc/x86_64-redhat-linux/12 -L/opt/rh/gcc-toolset-12/root/usr/lib/gcc/x86_64-redhat-linux/12/../../../../lib64 -L/lib/../lib64 -L/usr/lib/../lib64 -L/lib -L/usr/lib CMakeFiles/cmTC_97283.dir/CMakeCXXCompilerABI.cpp.o -lstdc++ -lm -lgcc_s -lgcc -lc -lgcc_s -lgcc /opt/rh/gcc-toolset-12/root/usr/lib/gcc/x86_64-redhat-linux/12/crtend.o /lib/../lib64/crtn.o
gmake[1]: Leaving directory '/home/leorio/simdutf/buildclang/CMakeFiles/CMakeTmp'



Parsed CXX implicit include dir info from above output: rv=done
  found start of include info
  found start of implicit include info
    add: [/opt/rh/gcc-toolset-12/root/usr/lib/gcc/x86_64-redhat-linux/12/../../../../include/c++/12]
    add: [/opt/rh/gcc-toolset-12/root/usr/lib/gcc/x86_64-redhat-linux/12/../../../../include/c++/12/x86_64-redhat-linux]
    add: [/opt/rh/gcc-toolset-12/root/usr/lib/gcc/x86_64-redhat-linux/12/../../../../include/c++/12/backward]
    add: [/usr/lib64/clang/15.0.7/include]
    add: [/usr/local/include]
    add: [/usr/include]
  end of search list found
  collapse include dir [/opt/rh/gcc-toolset-12/root/usr/lib/gcc/x86_64-redhat-linux/12/../../../../include/c++/12] ==> [/opt/rh/gcc-toolset-12/root/usr/include/c++/12]
  collapse include dir [/opt/rh/gcc-toolset-12/root/usr/lib/gcc/x86_64-redhat-linux/12/../../../../include/c++/12/x86_64-redhat-linux] ==> [/opt/rh/gcc-toolset-12/root/usr/include/c++/12/x86_64-redhat-linux]
  collapse include dir [/opt/rh/gcc-toolset-12/root/usr/lib/gcc/x86_64-redhat-linux/12/../../../../include/c++/12/backward] ==> [/opt/rh/gcc-toolset-12/root/usr/include/c++/12/backward]
  collapse include dir [/usr/lib64/clang/15.0.7/include] ==> [/usr/lib64/clang/15.0.7/include]
  collapse include dir [/usr/local/include] ==> [/usr/local/include]
  collapse include dir [/usr/include] ==> [/usr/include]
  implicit include dirs: [/opt/rh/gcc-toolset-12/root/usr/include/c++/12;/opt/rh/gcc-toolset-12/root/usr/include/c++/12/x86_64-redhat-linux;/opt/rh/gcc-toolset-12/root/usr/include/c++/12/backward;/usr/lib64/clang/15.0.7/include;/usr/local/include;/usr/include]


Parsed CXX implicit link information from above output:
  link line regex: [^( *|.*[/\])(ld|CMAKE_LINK_STARTFILE-NOTFOUND|([^/\]+-)?ld|collect2)[^/\]*( |$)]
  ignore line: [Change Dir: /home/leorio/simdutf/buildclang/CMakeFiles/CMakeTmp]
  ignore line: []
  ignore line: [Run Build Command(s):/usr/bin/gmake -f Makefile cmTC_97283/fast && /usr/bin/gmake  -f CMakeFiles/cmTC_97283.dir/build.make CMakeFiles/cmTC_97283.dir/build]
  ignore line: [gmake[1]: Entering directory '/home/leorio/simdutf/buildclang/CMakeFiles/CMakeTmp']
  ignore line: [Building CXX object CMakeFiles/cmTC_97283.dir/CMakeCXXCompilerABI.cpp.o]
  ignore line: [/usr/bin/clang++   -v -MD -MT CMakeFiles/cmTC_97283.dir/CMakeCXXCompilerABI.cpp.o -MF CMakeFiles/cmTC_97283.dir/CMakeCXXCompilerABI.cpp.o.d -o CMakeFiles/cmTC_97283.dir/CMakeCXXCompilerABI.cpp.o -c /usr/share/cmake/Modules/CMakeCXXCompilerABI.cpp]
  ignore line: [clang version 15.0.7 (Red Hat 15.0.7-2.el9)]
  ignore line: [Target: x86_64-redhat-linux-gnu]
  ignore line: [Thread model: posix]
  ignore line: [InstalledDir: /usr/bin]
  ignore line: [Found candidate GCC installation: /opt/rh/gcc-toolset-12/root/usr/lib/gcc/x86_64-redhat-linux/12]
  ignore line: [Selected GCC installation: /opt/rh/gcc-toolset-12/root/usr/lib/gcc/x86_64-redhat-linux/12]
  ignore line: [Candidate multilib: .]
  ignore line: [@m64]
  ignore line: [Candidate multilib: 32]
  ignore line: [@m32]
  ignore line: [Selected multilib: .]
  ignore line: [@m64]
  ignore line: [ (in-process)]
  ignore line: [ "/usr/bin/clang-15" -cc1 -triple x86_64-redhat-linux-gnu -emit-obj -mrelax-all --mrelax-relocations -disable-free -clear-ast-before-backend -disable-llvm-verifier -discard-value-names -main-file-name CMakeCXXCompilerABI.cpp -mrelocation-model static -mframe-pointer=all -fmath-errno -ffp-contract=on -fno-rounding-math -mconstructor-aliases -funwind-tables=2 -target-cpu x86-64 -tune-cpu generic -mllvm -treat-scalable-fixed-error-as-warning -debugger-tuning=gdb -v -fcoverage-compilation-dir=/home/leorio/simdutf/buildclang/CMakeFiles/CMakeTmp -resource-dir /usr/lib64/clang/15.0.7 -dependency-file CMakeFiles/cmTC_97283.dir/CMakeCXXCompilerABI.cpp.o.d -MT CMakeFiles/cmTC_97283.dir/CMakeCXXCompilerABI.cpp.o -sys-header-deps -internal-isystem /opt/rh/gcc-toolset-12/root/usr/lib/gcc/x86_64-redhat-linux/12/../../../../include/c++/12 -internal-isystem /opt/rh/gcc-toolset-12/root/usr/lib/gcc/x86_64-redhat-linux/12/../../../../include/c++/12/x86_64-redhat-linux -internal-isystem /opt/rh/gcc-toolset-12/root/usr/lib/gcc/x86_64-redhat-linux/12/../../../../include/c++/12/backward -internal-isystem /usr/lib64/clang/15.0.7/include -internal-isystem /usr/local/include -internal-isystem /opt/rh/gcc-toolset-12/root/usr/lib/gcc/x86_64-redhat-linux/12/../../../../x86_64-redhat-linux/include -internal-externc-isystem /include -internal-externc-isystem /usr/include -fdeprecated-macro -fdebug-compilation-dir=/home/leorio/simdutf/buildclang/CMakeFiles/CMakeTmp -ferror-limit 19 -fgnuc-version=4.2.1 -fcxx-exceptions -fexceptions -faddrsig -D__GCC_HAVE_DWARF2_CFI_ASM=1 -o CMakeFiles/cmTC_97283.dir/CMakeCXXCompilerABI.cpp.o -x c++ /usr/share/cmake/Modules/CMakeCXXCompilerABI.cpp]
  ignore line: [clang -cc1 version 15.0.7 based upon LLVM 15.0.7 default target x86_64-redhat-linux-gnu]
  ignore line: [ignoring nonexistent directory "/opt/rh/gcc-toolset-12/root/usr/lib/gcc/x86_64-redhat-linux/12/../../../../x86_64-redhat-linux/include"]
  ignore line: [ignoring nonexistent directory "/include"]
  ignore line: [#include "..." search starts here:]
  ignore line: [#include <...> search starts here:]
  ignore line: [ /opt/rh/gcc-toolset-12/root/usr/lib/gcc/x86_64-redhat-linux/12/../../../../include/c++/12]
  ignore line: [ /opt/rh/gcc-toolset-12/root/usr/lib/gcc/x86_64-redhat-linux/12/../../../../include/c++/12/x86_64-redhat-linux]
  ignore line: [ /opt/rh/gcc-toolset-12/root/usr/lib/gcc/x86_64-redhat-linux/12/../../../../include/c++/12/backward]
  ignore line: [ /usr/lib64/clang/15.0.7/include]
  ignore line: [ /usr/local/include]
  ignore line: [ /usr/include]
  ignore line: [End of search list.]
  ignore line: [Linking CXX executable cmTC_97283]
  ignore line: [/usr/bin/cmake -E cmake_link_script CMakeFiles/cmTC_97283.dir/link.txt --verbose=1]
  ignore line: [/usr/bin/clang++  -v CMakeFiles/cmTC_97283.dir/CMakeCXXCompilerABI.cpp.o -o cmTC_97283 ]
  ignore line: [clang version 15.0.7 (Red Hat 15.0.7-2.el9)]
  ignore line: [Target: x86_64-redhat-linux-gnu]
  ignore line: [Thread model: posix]
  ignore line: [InstalledDir: /usr/bin]
  ignore line: [Found candidate GCC installation: /opt/rh/gcc-toolset-12/root/usr/lib/gcc/x86_64-redhat-linux/12]
  ignore line: [Selected GCC installation: /opt/rh/gcc-toolset-12/root/usr/lib/gcc/x86_64-redhat-linux/12]
  ignore line: [Candidate multilib: .]
  ignore line: [@m64]
  ignore line: [Candidate multilib: 32]
  ignore line: [@m32]
  ignore line: [Selected multilib: .]
  ignore line: [@m64]
  link line: [ "/usr/bin/ld" --build-id --eh-frame-hdr -m elf_x86_64 -dynamic-linker /lib64/ld-linux-x86-64.so.2 -o cmTC_97283 /lib/../lib64/crt1.o /lib/../lib64/crti.o /opt/rh/gcc-toolset-12/root/usr/lib/gcc/x86_64-redhat-linux/12/crtbegin.o -L/opt/rh/gcc-toolset-12/root/usr/lib/gcc/x86_64-redhat-linux/12 -L/opt/rh/gcc-toolset-12/root/usr/lib/gcc/x86_64-redhat-linux/12/../../../../lib64 -L/lib/../lib64 -L/usr/lib/../lib64 -L/lib -L/usr/lib CMakeFiles/cmTC_97283.dir/CMakeCXXCompilerABI.cpp.o -lstdc++ -lm -lgcc_s -lgcc -lc -lgcc_s -lgcc /opt/rh/gcc-toolset-12/root/usr/lib/gcc/x86_64-redhat-linux/12/crtend.o /lib/../lib64/crtn.o]
    arg [/usr/bin/ld] ==> ignore
    arg [--build-id] ==> ignore
    arg [--eh-frame-hdr] ==> ignore
    arg [-m] ==> ignore
    arg [elf_x86_64] ==> ignore
    arg [-dynamic-linker] ==> ignore
    arg [/lib64/ld-linux-x86-64.so.2] ==> ignore
    arg [-o] ==> ignore
    arg [cmTC_97283] ==> ignore
    arg [/lib/../lib64/crt1.o] ==> obj [/lib/../lib64/crt1.o]
    arg [/lib/../lib64/crti.o] ==> obj [/lib/../lib64/crti.o]
    arg [/opt/rh/gcc-toolset-12/root/usr/lib/gcc/x86_64-redhat-linux/12/crtbegin.o] ==> obj [/opt/rh/gcc-toolset-12/root/usr/lib/gcc/x86_64-redhat-linux/12/crtbegin.o]
    arg [-L/opt/rh/gcc-toolset-12/root/usr/lib/gcc/x86_64-redhat-linux/12] ==> dir [/opt/rh/gcc-toolset-12/root/usr/lib/gcc/x86_64-redhat-linux/12]
    arg [-L/opt/rh/gcc-toolset-12/root/usr/lib/gcc/x86_64-redhat-linux/12/../../../../lib64] ==> dir [/opt/rh/gcc-toolset-12/root/usr/lib/gcc/x86_64-redhat-linux/12/../../../../lib64]
    arg [-L/lib/../lib64] ==> dir [/lib/../lib64]
    arg [-L/usr/lib/../lib64] ==> dir [/usr/lib/../lib64]
    arg [-L/lib] ==> dir [/lib]
    arg [-L/usr/lib] ==> dir [/usr/lib]
    arg [CMakeFiles/cmTC_97283.dir/CMakeCXXCompilerABI.cpp.o] ==> ignore
    arg [-lstdc++] ==> lib [stdc++]
    arg [-lm] ==> lib [m]
    arg [-lgcc_s] ==> lib [gcc_s]
    arg [-lgcc] ==> lib [gcc]
    arg [-lc] ==> lib [c]
    arg [-lgcc_s] ==> lib [gcc_s]
    arg [-lgcc] ==> lib [gcc]
    arg [/opt/rh/gcc-toolset-12/root/usr/lib/gcc/x86_64-redhat-linux/12/crtend.o] ==> obj [/opt/rh/gcc-toolset-12/root/usr/lib/gcc/x86_64-redhat-linux/12/crtend.o]
    arg [/lib/../lib64/crtn.o] ==> obj [/lib/../lib64/crtn.o]
  collapse obj [/lib/../lib64/crt1.o] ==> [/lib64/crt1.o]
  collapse obj [/lib/../lib64/crti.o] ==> [/lib64/crti.o]
  collapse obj [/lib/../lib64/crtn.o] ==> [/lib64/crtn.o]
  collapse library dir [/opt/rh/gcc-toolset-12/root/usr/lib/gcc/x86_64-redhat-linux/12] ==> [/opt/rh/gcc-toolset-12/root/usr/lib/gcc/x86_64-redhat-linux/12]
  collapse library dir [/opt/rh/gcc-toolset-12/root/usr/lib/gcc/x86_64-redhat-linux/12/../../../../lib64] ==> [/opt/rh/gcc-toolset-12/root/usr/lib64]
  collapse library dir [/lib/../lib64] ==> [/lib64]
  collapse library dir [/usr/lib/../lib64] ==> [/usr/lib64]
  collapse library dir [/lib] ==> [/lib]
  collapse library dir [/usr/lib] ==> [/usr/lib]
  implicit libs: [stdc++;m;gcc_s;gcc;c;gcc_s;gcc]
  implicit objs: [/lib64/crt1.o;/lib64/crti.o;/opt/rh/gcc-toolset-12/root/usr/lib/gcc/x86_64-redhat-linux/12/crtbegin.o;/opt/rh/gcc-toolset-12/root/usr/lib/gcc/x86_64-redhat-linux/12/crtend.o;/lib64/crtn.o]
  implicit dirs: [/opt/rh/gcc-toolset-12/root/usr/lib/gcc/x86_64-redhat-linux/12;/opt/rh/gcc-toolset-12/root/usr/lib64;/lib64;/usr/lib64;/lib;/usr/lib]
  implicit fwks: []


Performing C++ SOURCE FILE Test Iconv_IS_BUILT_IN succeeded with the following output:
Change Dir: /home/leorio/simdutf/buildclang/CMakeFiles/CMakeTmp

Run Build Command(s):/usr/bin/gmake -f Makefile cmTC_9d7d8/fast && /usr/bin/gmake  -f CMakeFiles/cmTC_9d7d8.dir/build.make CMakeFiles/cmTC_9d7d8.dir/build
gmake[1]: Entering directory '/home/leorio/simdutf/buildclang/CMakeFiles/CMakeTmp'
Building CXX object CMakeFiles/cmTC_9d7d8.dir/src.cxx.o
/usr/bin/clang++ -DIconv_IS_BUILT_IN  -std=c++11 -MD -MT CMakeFiles/cmTC_9d7d8.dir/src.cxx.o -MF CMakeFiles/cmTC_9d7d8.dir/src.cxx.o.d -o CMakeFiles/cmTC_9d7d8.dir/src.cxx.o -c /home/leorio/simdutf/buildclang/CMakeFiles/CMakeTmp/src.cxx
Linking CXX executable cmTC_9d7d8
/usr/bin/cmake -E cmake_link_script CMakeFiles/cmTC_9d7d8.dir/link.txt --verbose=1
/usr/bin/clang++ CMakeFiles/cmTC_9d7d8.dir/src.cxx.o -o cmTC_9d7d8 
gmake[1]: Leaving directory '/home/leorio/simdutf/buildclang/CMakeFiles/CMakeTmp'


Source file was:

      #include <stddef.h>
      #include <iconv.h>
      int main() {
        char *a, *b;
        size_t i, j;
        iconv_t ic;
        ic = iconv_open("to", "from");
        iconv(ic, &a, &i, &b, &j);
        iconv_close(ic);
      }
      
